This is pdfTeX, Version 3.141592653-2.6-1.40.26 (MiKTeX 24.4) (preloaded format=pdflatex 2024.11.10)  10 NOV 2024 23:07
entering extended mode
 restricted \write18 enabled.
 file:line:error style messages enabled.
 %&-line parsing enabled.
**"c:/Users/byani/Desktop/Requisitos-UMA/Use Cases/Latex/main.tex"
(c:/Users/byani/Desktop/Requisitos-UMA/Use Cases/Latex/main.tex
LaTeX2e <2024-11-01>
L3 programming layer <2024-10-09>
(C:\Users\byani\AppData\Local\Programs\MiKTeX\tex/latex/base\article.cls
Document Class: article 2024/06/29 v1.4n Standard LaTeX document class
(C:\Users\byani\AppData\Local\Programs\MiKTeX\tex/latex/base\size12.clo
File: size12.clo 2024/06/29 v1.4n Standard LaTeX file (size option)
)
\c@part=\count196
\c@section=\count197
\c@subsection=\count198
\c@subsubsection=\count199
\c@paragraph=\count266
\c@subparagraph=\count267
\c@figure=\count268
\c@table=\count269
\abovecaptionskip=\skip49
\belowcaptionskip=\skip50
\bibindent=\dimen141
) (C:\Users\byani\AppData\Local\Programs\MiKTeX\tex/latex/base\inputenc.sty
Package: inputenc 2024/02/08 v1.3d Input encoding file
\inpenc@prehook=\toks17
\inpenc@posthook=\toks18
) (C:\Users\byani\AppData\Local\Programs\MiKTeX\tex/generic/babel\babel.sty
Package: babel 2024/10/20 v24.12 The multilingual framework for pdfLaTeX, LuaLaTeX and XeLaTeX
\babel@savecnt=\count270
\U@D=\dimen142
\l@unhyphenated=\language79
 (C:\Users\byani\AppData\Local\Programs\MiKTeX\tex/generic/babel\txtbabel.def)
\bbl@readstream=\read2
\bbl@dirlevel=\count271

*************************************
* Local config file bblopts.cfg used
*
(C:\Users\byani\AppData\Local\Programs\MiKTeX\tex/latex/arabi\bblopts.cfg
File: bblopts.cfg 2005/09/08 v0.1 add Arabic and Farsi to "declared" options of babel
) (C:\Users\byani\AppData\Local\Programs\MiKTeX\tex/latex/babel-spanish\spanish.ldf
Language: spanish.ldf 2021/05/27 v5.0q Spanish support from the babel system
\es@quottoks=\toks19
\es@quotdepth=\count272
Package babel Info: Making " an active character on input line 570.
Package babel Info: Making . an active character on input line 675.
Package babel Info: Making < an active character on input line 722.
Package babel Info: Making > an active character on input line 722.
)) (C:\Users\byani\AppData\Local\Programs\MiKTeX\tex/generic/babel/locale/es\babel-spanish.tex
Package babel Info: Importing font and identification data for spanish
(babel)             from babel-es.ini. Reported on input line 11.
) (C:\Users\byani\AppData\Local\Programs\MiKTeX\tex/latex/graphics\graphicx.sty
Package: graphicx 2021/09/16 v1.2d Enhanced LaTeX Graphics (DPC,SPQR)
 (C:\Users\byani\AppData\Local\Programs\MiKTeX\tex/latex/graphics\keyval.sty
Package: keyval 2022/05/29 v1.15 key=value parser (DPC)
\KV@toks@=\toks20
) (C:\Users\byani\AppData\Local\Programs\MiKTeX\tex/latex/graphics\graphics.sty
Package: graphics 2024/08/06 v1.4g Standard LaTeX Graphics (DPC,SPQR)
 (C:\Users\byani\AppData\Local\Programs\MiKTeX\tex/latex/graphics\trig.sty
Package: trig 2023/12/02 v1.11 sin cos tan (DPC)
) (C:\Users\byani\AppData\Local\Programs\MiKTeX\tex/latex/graphics-cfg\graphics.cfg
File: graphics.cfg 2016/06/04 v1.11 sample graphics configuration
)
Package graphics Info: Driver file: pdftex.def on input line 106.
 (C:\Users\byani\AppData\Local\Programs\MiKTeX\tex/latex/graphics-def\pdftex.def
File: pdftex.def 2024/04/13 v1.2c Graphics/color driver for pdftex
))
\Gin@req@height=\dimen143
\Gin@req@width=\dimen144
) (C:\Users\byani\AppData\Local\Programs\MiKTeX\tex/latex/float\float.sty
Package: float 2001/11/08 v1.3d Float enhancements (AL)
\c@float@type=\count273
\float@exts=\toks21
\float@box=\box52
\@float@everytoks=\toks22
\@floatcapt=\box53
) (C:\Users\byani\AppData\Local\Programs\MiKTeX\tex/latex/listings\listings.sty
\lst@mode=\count274
\lst@gtempboxa=\box54
\lst@token=\toks23
\lst@length=\count275
\lst@currlwidth=\dimen145
\lst@column=\count276
\lst@pos=\count277
\lst@lostspace=\dimen146
\lst@width=\dimen147
\lst@newlines=\count278
\lst@lineno=\count279
\lst@maxwidth=\dimen148
 (C:\Users\byani\AppData\Local\Programs\MiKTeX\tex/latex/listings\lstpatch.sty
File: lstpatch.sty 2024/09/23 1.10c (Carsten Heinz)
) (C:\Users\byani\AppData\Local\Programs\MiKTeX\tex/latex/listings\lstmisc.sty
File: lstmisc.sty 2024/09/23 1.10c (Carsten Heinz)
\c@lstnumber=\count280
\lst@skipnumbers=\count281
\lst@framebox=\box55
) (C:\Users\byani\AppData\Local\Programs\MiKTeX\tex/latex/listings\listings.cfg
File: listings.cfg 2024/09/23 1.10c listings configuration
))
Package: listings 2024/09/23 1.10c (Carsten Heinz)
 (C:\Users\byani\AppData\Local\Programs\MiKTeX\tex/latex/csquotes\csquotes.sty
Package: csquotes 2024-04-04 v5.2o context-sensitive quotations (JAW)
 (C:\Users\byani\AppData\Local\Programs\MiKTeX\tex/latex/etoolbox\etoolbox.sty
Package: etoolbox 2020/10/05 v2.5k e-TeX tools for LaTeX (JAW)
\etb@tempcnta=\count282
)
\csq@reset=\count283
\csq@gtype=\count284
\csq@glevel=\count285
\csq@qlevel=\count286
\csq@maxlvl=\count287
\csq@tshold=\count288
\csq@ltx@everypar=\toks24
 (C:\Users\byani\AppData\Local\Programs\MiKTeX\tex/latex/csquotes\csquotes.def
File: csquotes.def 2024-04-04 v5.2o csquotes generic definitions (JAW)
)
Package csquotes Info: Trying to load configuration file 'csquotes.cfg'...
Package csquotes Info: ... configuration file loaded successfully.
 (C:\Users\byani\AppData\Local\Programs\MiKTeX\tex/latex/csquotes\csquotes.cfg
File: csquotes.cfg 
)
Package csquotes Info: Disabling multilingual quotes.
Package csquotes Info: Disabling multilingual quotes.
Package csquotes Info: Redefining alias 'default' -> 'english'.
) (C:\Users\byani\AppData\Local\Programs\MiKTeX\tex/latex/titlesec\titlesec.sty
Package: titlesec 2023/10/27 v2.16 Sectioning titles
\ttl@box=\box56
\beforetitleunit=\skip51
\aftertitleunit=\skip52
\ttl@plus=\dimen149
\ttl@minus=\dimen150
\ttl@toksa=\toks25
\titlewidth=\dimen151
\titlewidthlast=\dimen152
\titlewidthfirst=\dimen153
) (C:\Users\byani\AppData\Local\Programs\MiKTeX\tex/latex/xcolor\xcolor.sty
Package: xcolor 2024/09/29 v3.02 LaTeX color extensions (UK)
 (C:\Users\byani\AppData\Local\Programs\MiKTeX\tex/latex/graphics-cfg\color.cfg
File: color.cfg 2016/01/02 v1.6 sample color configuration
)
Package xcolor Info: Driver file: pdftex.def on input line 274.
 (C:\Users\byani\AppData\Local\Programs\MiKTeX\tex/latex/graphics\mathcolor.ltx)
Package xcolor Info: Model `cmy' substituted by `cmy0' on input line 1349.
Package xcolor Info: Model `hsb' substituted by `rgb' on input line 1353.
Package xcolor Info: Model `RGB' extended on input line 1365.
Package xcolor Info: Model `HTML' substituted by `rgb' on input line 1367.
Package xcolor Info: Model `Hsb' substituted by `hsb' on input line 1368.
Package xcolor Info: Model `tHsb' substituted by `hsb' on input line 1369.
Package xcolor Info: Model `HSB' substituted by `hsb' on input line 1370.
Package xcolor Info: Model `Gray' substituted by `gray' on input line 1371.
Package xcolor Info: Model `wave' substituted by `hsb' on input line 1372.
) (C:\Users\byani\AppData\Local\Programs\MiKTeX\tex/latex/geometry\geometry.sty
Package: geometry 2020/01/02 v5.9 Page Geometry
 (C:\Users\byani\AppData\Local\Programs\MiKTeX\tex/generic/iftex\ifvtex.sty
Package: ifvtex 2019/10/25 v1.7 ifvtex legacy package. Use iftex instead.
 (C:\Users\byani\AppData\Local\Programs\MiKTeX\tex/generic/iftex\iftex.sty
Package: iftex 2022/02/03 v1.0f TeX engine tests
))
\Gm@cnth=\count289
\Gm@cntv=\count290
\c@Gm@tempcnt=\count291
\Gm@bindingoffset=\dimen154
\Gm@wd@mp=\dimen155
\Gm@odd@mp=\dimen156
\Gm@even@mp=\dimen157
\Gm@layoutwidth=\dimen158
\Gm@layoutheight=\dimen159
\Gm@layouthoffset=\dimen160
\Gm@layoutvoffset=\dimen161
\Gm@dimlist=\toks26
 (C:\Users\byani\AppData\Local\Programs\MiKTeX\tex/latex/geometry\geometry.cfg)) (C:\Users\byani\AppData\Local\Programs\MiKTeX\tex/latex/lipsum\lipsum.sty (C:\Users\byani\AppData\Local\Programs\MiKTeX\tex/latex/l3packages/l3keys2e\l3keys2e.sty (C:\Users\byani\AppData\Local\Programs\MiKTeX\tex/latex/l3kernel\expl3.sty
Package: expl3 2024-10-09 L3 programming layer (loader) 
 (C:\Users\byani\AppData\Local\Programs\MiKTeX\tex/latex/l3backend\l3backend-pdftex.def
File: l3backend-pdftex.def 2024-05-08 L3 backend support: PDF output (pdfTeX)
\l__color_backend_stack_int=\count292
\l__pdf_internal_box=\box57
))
Package: l3keys2e 2024-08-16 LaTeX2e option processing using LaTeX3 keys
)
Package: lipsum 2021-09-20 v2.7 150 paragraphs of Lorem Ipsum dummy text
\g__lipsum_par_int=\count293
\l__lipsum_a_int=\count294
\l__lipsum_b_int=\count295
 (C:\Users\byani\AppData\Local\Programs\MiKTeX\tex/latex/lipsum\lipsum.ltd.tex)) (C:\Users\byani\AppData\Local\Programs\MiKTeX\tex/latex/tocloft\tocloft.sty
Package: tocloft 2017/08/31 v2.3i parameterised ToC, etc., typesetting
Package tocloft Info: The document has section divisions on input line 51.
\cftparskip=\skip53
\cftbeforetoctitleskip=\skip54
\cftaftertoctitleskip=\skip55
\cftbeforepartskip=\skip56
\cftpartnumwidth=\skip57
\cftpartindent=\skip58
\cftbeforesecskip=\skip59
\cftsecindent=\skip60
\cftsecnumwidth=\skip61
\cftbeforesubsecskip=\skip62
\cftsubsecindent=\skip63
\cftsubsecnumwidth=\skip64
\cftbeforesubsubsecskip=\skip65
\cftsubsubsecindent=\skip66
\cftsubsubsecnumwidth=\skip67
\cftbeforeparaskip=\skip68
\cftparaindent=\skip69
\cftparanumwidth=\skip70
\cftbeforesubparaskip=\skip71
\cftsubparaindent=\skip72
\cftsubparanumwidth=\skip73
\cftbeforeloftitleskip=\skip74
\cftafterloftitleskip=\skip75
\cftbeforefigskip=\skip76
\cftfigindent=\skip77
\cftfignumwidth=\skip78
\c@lofdepth=\count296
\c@lotdepth=\count297
\cftbeforelottitleskip=\skip79
\cftafterlottitleskip=\skip80
\cftbeforetabskip=\skip81
\cfttabindent=\skip82
\cfttabnumwidth=\skip83
) (C:\Users\byani\AppData\Local\Programs\MiKTeX\tex/latex/subfiles\subfiles.sty
Package: subfiles 2020/11/14 v2.2 Multi-file projects (package)
 (C:\Users\byani\AppData\Local\Programs\MiKTeX\tex/latex/import\import.sty
Package: import 2020/04/01  v 6.2
)) (C:\Users\byani\AppData\Local\Programs\MiKTeX\tex/latex/hyperref\hyperref.sty
Package: hyperref 2024-10-30 v7.01k Hypertext links for LaTeX
 (C:\Users\byani\AppData\Local\Programs\MiKTeX\tex/latex/kvsetkeys\kvsetkeys.sty
Package: kvsetkeys 2022-10-05 v1.19 Key value parser (HO)
) (C:\Users\byani\AppData\Local\Programs\MiKTeX\tex/generic/kvdefinekeys\kvdefinekeys.sty
Package: kvdefinekeys 2019-12-19 v1.6 Define keys (HO)
) (C:\Users\byani\AppData\Local\Programs\MiKTeX\tex/generic/pdfescape\pdfescape.sty
Package: pdfescape 2019/12/09 v1.15 Implements pdfTeX's escape features (HO)
 (C:\Users\byani\AppData\Local\Programs\MiKTeX\tex/generic/ltxcmds\ltxcmds.sty
Package: ltxcmds 2023-12-04 v1.26 LaTeX kernel commands for general use (HO)
) (C:\Users\byani\AppData\Local\Programs\MiKTeX\tex/generic/pdftexcmds\pdftexcmds.sty
Package: pdftexcmds 2020-06-27 v0.33 Utility functions of pdfTeX for LuaTeX (HO)
 (C:\Users\byani\AppData\Local\Programs\MiKTeX\tex/generic/infwarerr\infwarerr.sty
Package: infwarerr 2019/12/03 v1.5 Providing info/warning/error messages (HO)
)
Package pdftexcmds Info: \pdf@primitive is available.
Package pdftexcmds Info: \pdf@ifprimitive is available.
Package pdftexcmds Info: \pdfdraftmode found.
)) (C:\Users\byani\AppData\Local\Programs\MiKTeX\tex/latex/hycolor\hycolor.sty
Package: hycolor 2020-01-27 v1.10 Color options for hyperref/bookmark (HO)
) (C:\Users\byani\AppData\Local\Programs\MiKTeX\tex/latex/hyperref\nameref.sty
Package: nameref 2023-11-26 v2.56 Cross-referencing by name of section
 (C:\Users\byani\AppData\Local\Programs\MiKTeX\tex/latex/refcount\refcount.sty
Package: refcount 2019/12/15 v3.6 Data extraction from label references (HO)
) (C:\Users\byani\AppData\Local\Programs\MiKTeX\tex/generic/gettitlestring\gettitlestring.sty
Package: gettitlestring 2019/12/15 v1.6 Cleanup title references (HO)
 (C:\Users\byani\AppData\Local\Programs\MiKTeX\tex/latex/kvoptions\kvoptions.sty
Package: kvoptions 2022-06-15 v3.15 Key value format for package options (HO)
))
\c@section@level=\count298
) (C:\Users\byani\AppData\Local\Programs\MiKTeX\tex/generic/stringenc\stringenc.sty
Package: stringenc 2019/11/29 v1.12 Convert strings between diff. encodings (HO)
)
\@linkdim=\dimen162
\Hy@linkcounter=\count299
\Hy@pagecounter=\count300
 (C:\Users\byani\AppData\Local\Programs\MiKTeX\tex/latex/hyperref\pd1enc.def
File: pd1enc.def 2024-10-30 v7.01k Hyperref: PDFDocEncoding definition (HO)
Now handling font encoding PD1 ...
... no UTF-8 mapping file for font encoding PD1
) (C:\Users\byani\AppData\Local\Programs\MiKTeX\tex/generic/intcalc\intcalc.sty
Package: intcalc 2019/12/15 v1.3 Expandable calculations with integers (HO)
)
\Hy@SavedSpaceFactor=\count301
 (C:\Users\byani\AppData\Local\Programs\MiKTeX\tex/latex/hyperref\puenc.def
File: puenc.def 2024-10-30 v7.01k Hyperref: PDF Unicode definition (HO)
Now handling font encoding PU ...
... no UTF-8 mapping file for font encoding PU
)
Package hyperref Info: Option `colorlinks' set `true' on input line 4040.
Package hyperref Info: Hyper figures OFF on input line 4157.
Package hyperref Info: Link nesting OFF on input line 4162.
Package hyperref Info: Hyper index ON on input line 4165.
Package hyperref Info: Plain pages OFF on input line 4172.
Package hyperref Info: Backreferencing OFF on input line 4177.
Package hyperref Info: Implicit mode ON; LaTeX internals redefined.
Package hyperref Info: Bookmarks ON on input line 4424.
\c@Hy@tempcnt=\count302
 (C:\Users\byani\AppData\Local\Programs\MiKTeX\tex/latex/url\url.sty
\Urlmuskip=\muskip17
Package: url 2013/09/16  ver 3.4  Verb mode for urls, etc.
)
LaTeX Info: Redefining \url on input line 4763.
\XeTeXLinkMargin=\dimen163
 (C:\Users\byani\AppData\Local\Programs\MiKTeX\tex/generic/bitset\bitset.sty
Package: bitset 2019/12/09 v1.3 Handle bit-vector datatype (HO)
 (C:\Users\byani\AppData\Local\Programs\MiKTeX\tex/generic/bigintcalc\bigintcalc.sty
Package: bigintcalc 2019/12/15 v1.5 Expandable calculations on big integers (HO)
))
\Fld@menulength=\count303
\Field@Width=\dimen164
\Fld@charsize=\dimen165
Package hyperref Info: Hyper figures OFF on input line 6042.
Package hyperref Info: Link nesting OFF on input line 6047.
Package hyperref Info: Hyper index ON on input line 6050.
Package hyperref Info: backreferencing OFF on input line 6057.
Package hyperref Info: Link coloring ON on input line 6060.
Package hyperref Info: Link coloring with OCG OFF on input line 6067.
Package hyperref Info: PDF/A mode OFF on input line 6072.
 (C:\Users\byani\AppData\Local\Programs\MiKTeX\tex/latex/base\atbegshi-ltx.sty
Package: atbegshi-ltx 2021/01/10 v1.0c Emulation of the original atbegshi
package with kernel methods
)
\Hy@abspage=\count304
\c@Item=\count305
\c@Hfootnote=\count306
)
Package hyperref Info: Driver (autodetected): hpdftex.
 (C:\Users\byani\AppData\Local\Programs\MiKTeX\tex/latex/hyperref\hpdftex.def
File: hpdftex.def 2024-10-30 v7.01k Hyperref driver for pdfTeX
 (C:\Users\byani\AppData\Local\Programs\MiKTeX\tex/latex/base\atveryend-ltx.sty
Package: atveryend-ltx 2020/08/19 v1.0a Emulation of the original atveryend package
with kernel methods
)
\Fld@listcount=\count307
\c@bookmark@seq@number=\count308
 (C:\Users\byani\AppData\Local\Programs\MiKTeX\tex/latex/rerunfilecheck\rerunfilecheck.sty
Package: rerunfilecheck 2022-07-10 v1.10 Rerun checks for auxiliary files (HO)
 (C:\Users\byani\AppData\Local\Programs\MiKTeX\tex/generic/uniquecounter\uniquecounter.sty
Package: uniquecounter 2019/12/15 v1.4 Provide unlimited unique counter (HO)
)
Package uniquecounter Info: New unique counter `rerunfilecheck' on input line 285.
)
\Hy@SectionHShift=\skip84
) (C:\Users\byani\AppData\Local\Programs\MiKTeX\tex/latex/bookmark\bookmark.sty
Package: bookmark 2023-12-10 v1.31 PDF bookmarks (HO)
 (C:\Users\byani\AppData\Local\Programs\MiKTeX\tex/latex/bookmark\bkm-pdftex.def
File: bkm-pdftex.def 2023-12-10 v1.31 bookmark driver for pdfTeX and luaTeX (HO)
\BKM@id=\count309
)) (C:\Users\byani\AppData\Local\Programs\MiKTeX\tex/latex/tools\xr.sty
Package: xr 2024-04-10 v6.00 eXternal References (DPC)
) (main.aux
LaTeX Info: Redefining \. on input line 12.
LaTeX Info: Redefining \% on input line 12.
 (body/RF2_GestionGeneralDeProductos/page.aux) (body/RF2.1_CrearProducto/page.aux) (body/RF2.X_EditarProducto/page.aux) (body/RF2.X_BorrarProducto/page.aux) (body/RF2.X_MostrarProducto/page.aux) (body/RF4_GestionDeCategorias/page.aux) (body/RF6.1_CrearAtributo/page.aux) (body/RF6.2_LeerAtributo/page.aux) (body/RF6.3_ModificarAtributo/page.aux) (body/RF6.4_BorrarAtributo/page.aux))
\openout1 = `main.aux'.

LaTeX Font Info:    Checking defaults for OML/cmm/m/it on input line 51.
LaTeX Font Info:    ... okay on input line 51.
LaTeX Font Info:    Checking defaults for OMS/cmsy/m/n on input line 51.
LaTeX Font Info:    ... okay on input line 51.
LaTeX Font Info:    Checking defaults for OT1/cmr/m/n on input line 51.
LaTeX Font Info:    ... okay on input line 51.
LaTeX Font Info:    Checking defaults for T1/cmr/m/n on input line 51.
LaTeX Font Info:    ... okay on input line 51.
LaTeX Font Info:    Checking defaults for TS1/cmr/m/n on input line 51.
LaTeX Font Info:    ... okay on input line 51.
LaTeX Font Info:    Checking defaults for OMX/cmex/m/n on input line 51.
LaTeX Font Info:    ... okay on input line 51.
LaTeX Font Info:    Checking defaults for U/cmr/m/n on input line 51.
LaTeX Font Info:    ... okay on input line 51.
LaTeX Font Info:    Checking defaults for PD1/pdf/m/n on input line 51.
LaTeX Font Info:    ... okay on input line 51.
LaTeX Font Info:    Checking defaults for PU/pdf/m/n on input line 51.
LaTeX Font Info:    ... okay on input line 51.
LaTeX Info: Redefining \. on input line 51.
LaTeX Info: Redefining \% on input line 51.
 (C:\Users\byani\AppData\Local\Programs\MiKTeX\tex/context/base/mkii\supp-pdf.mkii
[Loading MPS to PDF converter (version 2006.09.02).]
\scratchcounter=\count310
\scratchdimen=\dimen166
\scratchbox=\box58
\nofMPsegments=\count311
\nofMParguments=\count312
\everyMPshowfont=\toks27
\MPscratchCnt=\count313
\MPscratchDim=\dimen167
\MPnumerator=\count314
\makeMPintoPDFobject=\count315
\everyMPtoPDFconversion=\toks28
) (C:\Users\byani\AppData\Local\Programs\MiKTeX\tex/latex/epstopdf-pkg\epstopdf-base.sty
Package: epstopdf-base 2020-01-24 v2.11 Base part for package epstopdf
Package epstopdf-base Info: Redefining graphics rule for `.eps' on input line 485.
 (C:\Users\byani\AppData\Local\Programs\MiKTeX\tex/latex/00miktex\epstopdf-sys.cfg
File: epstopdf-sys.cfg 2021/03/18 v2.0 Configuration of epstopdf for MiKTeX
))
\c@lstlisting=\count316

*geometry* driver: auto-detecting
*geometry* detected driver: pdftex
*geometry* verbose mode - [ preamble ] result:
* driver: pdftex
* paper: a4paper
* layout: <same size as paper>
* layoutoffset:(h,v)=(0.0pt,0.0pt)
* modes: 
* h-part:(L,W,R)=(71.13188pt, 455.24411pt, 71.13188pt)
* v-part:(T,H,B)=(85.35826pt, 674.33032pt, 85.35826pt)
* \paperwidth=597.50787pt
* \paperheight=845.04684pt
* \textwidth=455.24411pt
* \textheight=674.33032pt
* \oddsidemargin=-1.1381pt
* \evensidemargin=-1.1381pt
* \topmargin=-23.91173pt
* \headheight=12.0pt
* \headsep=25.0pt
* \topskip=12.0pt
* \footskip=30.0pt
* \marginparwidth=35.0pt
* \marginparsep=10.0pt
* \columnsep=10.0pt
* \skip\footins=10.8pt plus 4.0pt minus 2.0pt
* \hoffset=0.0pt
* \voffset=0.0pt
* \mag=1000
* \@twocolumnfalse
* \@twosidefalse
* \@mparswitchfalse
* \@reversemarginfalse
* (1in=72.27pt=25.4mm, 1cm=28.453pt)

Package hyperref Info: Link coloring ON on input line 51.
LaTeX Font Info:    External font `cmex10' loaded for size
(Font)              <24.88> on input line 62.
LaTeX Font Info:    External font `cmex10' loaded for size
(Font)              <20.74> on input line 62.
LaTeX Font Info:    External font `cmex10' loaded for size
(Font)              <17.28> on input line 62.
<assets/umaLogo.png, id=3, 1685.29625pt x 1541.76pt>
File: assets/umaLogo.png Graphic file (type png)
<use assets/umaLogo.png>
Package pdftex.def Info: assets/umaLogo.png  used on input line 66.
(pdftex.def)             Requested size: 136.57462pt x 124.94304pt.
LaTeX Font Info:    External font `cmex10' loaded for size
(Font)              <12> on input line 69.


[1

{C:/Users/byani/AppData/Local/MiKTeX/fonts/map/pdftex/pdftex.map} <./assets/umaLogo.png>] (main.toc
LaTeX Info: Redefining \. on input line 1.
LaTeX Info: Redefining \% on input line 1.
LaTeX Font Info:    External font `cmex10' loaded for size
(Font)              <8> on input line 2.
LaTeX Font Info:    External font `cmex10' loaded for size
(Font)              <6> on input line 2.



pdfTeX warning (ext4): destination with the same identifier (name{page.1}) has been already used, duplicate ignored
<to be read again> 
                   \relax 
l.41 ...{9}RF4.4 Borrar categoría}{31}{figure.14}
                                                  % [1])
\tf@toc=\write3
\openout3 = `main.toc'.



[2] (main.lof
LaTeX Info: Redefining \. on input line 1.
LaTeX Info: Redefining \% on input line 1.
)
\tf@lof=\write4
\openout4 = `main.lof'.



[3]
\openout2 = `body/RF2_GestionGeneralDeProductos/page.aux'.

 (body/RF2_GestionGeneralDeProductos/page.tex

[4

]
<mockups/RF2- Gestión General de Productos (listado).png, id=259, 1014.79124pt x 823.075pt>
File: mockups/RF2- Gestión General de Productos (listado).png Graphic file (type png)
<use mockups/RF2- Gestión General de Productos (listado).png>
Package pdftex.def Info: mockups/RF2- Gestión General de Productos (listado).png  used on input line 96.
(pdftex.def)             Requested size: 455.24411pt x 369.23744pt.


[5]
<mockups/RF2- Gestión General de Productos (listado por búsqueda).png, id=265, 1014.79124pt x 823.075pt>
File: mockups/RF2- Gestión General de Productos (listado por búsqueda).png Graphic file (type png)
<use mockups/RF2- Gestión General de Productos (listado por búsqueda).png>
Package pdftex.def Info: mockups/RF2- Gestión General de Productos (listado por búsqueda).png  used on input line 102.
(pdftex.def)             Requested size: 455.24411pt x 369.23744pt.


[6 <./mockups/RF2- Gestión General de Productos (listado).png>]

[7 <./mockups/RF2- Gestión General de Productos (listado por búsqueda).png>])
\openout2 = `body/RF2.1_CrearProducto/page.aux'.

 (body/RF2.1_CrearProducto/page.tex

[8



]

[9]
<mockups/RF2.1_boceto1.png, id=291, 761.09344pt x 617.30624pt>
File: mockups/RF2.1_boceto1.png Graphic file (type png)
<use mockups/RF2.1_boceto1.png>
Package pdftex.def Info: mockups/RF2.1_boceto1.png  used on input line 111.
(pdftex.def)             Requested size: 455.24411pt x 369.24686pt.
<mockups/RF2.1_boceto2.png, id=292, 761.09344pt x 549.55313pt>
File: mockups/RF2.1_boceto2.png Graphic file (type png)
<use mockups/RF2.1_boceto2.png>
Package pdftex.def Info: mockups/RF2.1_boceto2.png  used on input line 117.
(pdftex.def)             Requested size: 455.24411pt x 328.71977pt.


[10 <./mockups/RF2.1_boceto1.png>]

[11 <./mockups/RF2.1_boceto2.png>])
\openout2 = `body/RF2.X_EditarProducto/page.aux'.

 (body/RF2.X_EditarProducto/page.tex

[12



]
<mockups/RF2-X Editar Producto.png, id=314, 1014.79124pt x 823.075pt>
File: mockups/RF2-X Editar Producto.png Graphic file (type png)
<use mockups/RF2-X Editar Producto.png>
Package pdftex.def Info: mockups/RF2-X Editar Producto.png  used on input line 91.
(pdftex.def)             Requested size: 455.24411pt x 369.23744pt.


[13]

[14 <./mockups/RF2-X Editar Producto.png>])
\openout2 = `body/RF2.X_BorrarProducto/page.aux'.

 (body/RF2.X_BorrarProducto/page.tex

[15



]
<mockups/RF2-X Borrar Producto (Borrar Producto Paso1).png, id=331, 1014.79124pt x 823.075pt>
File: mockups/RF2-X Borrar Producto (Borrar Producto Paso1).png Graphic file (type png)
<use mockups/RF2-X Borrar Producto (Borrar Producto Paso1).png>
Package pdftex.def Info: mockups/RF2-X Borrar Producto (Borrar Producto Paso1).png  used on input line 68.
(pdftex.def)             Requested size: 455.24411pt x 369.23744pt.
<mockups/RF2-X Borrar Producto (Borrar Producto Paso2).png, id=332, 1014.79124pt x 823.075pt>
File: mockups/RF2-X Borrar Producto (Borrar Producto Paso2).png Graphic file (type png)
<use mockups/RF2-X Borrar Producto (Borrar Producto Paso2).png>
Package pdftex.def Info: mockups/RF2-X Borrar Producto (Borrar Producto Paso2).png  used on input line 74.
(pdftex.def)             Requested size: 455.24411pt x 369.23744pt.


[16 <./mockups/RF2-X Borrar Producto (Borrar Producto Paso1).png>]

[17 <./mockups/RF2-X Borrar Producto (Borrar Producto Paso2).png>])
\openout2 = `body/RF2.X_MostrarProducto/page.aux'.

 (body/RF2.X_MostrarProducto/page.tex
<mockups/RF2.X_MostrarProducto(Menu visualizacion).png, id=343, 1014.79124pt x 732.7375pt>
File: mockups/RF2.X_MostrarProducto(Menu visualizacion).png Graphic file (type png)
<use mockups/RF2.X_MostrarProducto(Menu visualizacion).png>
Package pdftex.def Info: mockups/RF2.X_MostrarProducto(Menu visualizacion).png  used on input line 56.
(pdftex.def)             Requested size: 455.24411pt x 328.7114pt.


[18



]

[19 <./mockups/RF2.X_MostrarProducto(Menu visualizacion).png>])
\openout2 = `body/RF4_GestionDeCategorias/page.aux'.

 (body/RF4_GestionDeCategorias/page.tex

[20



]

[21]
<mockups/RF4.1_1.png, id=373, 1014.79124pt x 823.075pt>
File: mockups/RF4.1_1.png Graphic file (type png)
<use mockups/RF4.1_1.png>
Package pdftex.def Info: mockups/RF4.1_1.png  used on input line 133.
(pdftex.def)             Requested size: 455.24411pt x 369.23744pt.


[22]
<mockups/RF4.1_2.png, id=378, 1014.79124pt x 823.075pt>
File: mockups/RF4.1_2.png Graphic file (type png)
<use mockups/RF4.1_2.png>
Package pdftex.def Info: mockups/RF4.1_2.png  used on input line 139.
(pdftex.def)             Requested size: 455.24411pt x 369.23744pt.


[23 <./mockups/RF4.1_1.png>]

[24 <./mockups/RF4.1_2.png>]
<mockups/RF4.2_1.png, id=390, 1014.79124pt x 823.075pt>
File: mockups/RF4.2_1.png Graphic file (type png)
<use mockups/RF4.2_1.png>
Package pdftex.def Info: mockups/RF4.2_1.png  used on input line 225.
(pdftex.def)             Requested size: 455.24411pt x 369.23744pt.


[25]
<mockups/RF4.2_2.png, id=396, 1014.79124pt x 823.075pt>
File: mockups/RF4.2_2.png Graphic file (type png)
<use mockups/RF4.2_2.png>
Package pdftex.def Info: mockups/RF4.2_2.png  used on input line 231.
(pdftex.def)             Requested size: 455.24411pt x 369.23744pt.


[26 <./mockups/RF4.2_1.png>]

[27 <./mockups/RF4.2_2.png>]

[28]
<mockups/RF4.3_1.png, id=418, 1014.79124pt x 823.075pt>
File: mockups/RF4.3_1.png Graphic file (type png)
<use mockups/RF4.3_1.png>
Package pdftex.def Info: mockups/RF4.3_1.png  used on input line 353.
(pdftex.def)             Requested size: 455.24411pt x 369.23744pt.


[29]
<mockups/RF4.3_2.png, id=423, 1014.79124pt x 823.075pt>
File: mockups/RF4.3_2.png Graphic file (type png)
<use mockups/RF4.3_2.png>
Package pdftex.def Info: mockups/RF4.3_2.png  used on input line 359.
(pdftex.def)             Requested size: 455.24411pt x 369.23744pt.


[30 <./mockups/RF4.3_1.png>]

[31 <./mockups/RF4.3_2.png>]

[32]
<mockups/RF4.4_1.png, id=447, 1014.79124pt x 823.075pt>
File: mockups/RF4.4_1.png Graphic file (type png)
<use mockups/RF4.4_1.png>
Package pdftex.def Info: mockups/RF4.4_1.png  used on input line 480.
(pdftex.def)             Requested size: 455.24411pt x 369.23744pt.


[33]
<mockups/RF4.4_2.png, id=454, 1014.79124pt x 823.075pt>
File: mockups/RF4.4_2.png Graphic file (type png)
<use mockups/RF4.4_2.png>
Package pdftex.def Info: mockups/RF4.4_2.png  used on input line 486.
(pdftex.def)             Requested size: 455.24411pt x 369.23744pt.


[34 <./mockups/RF4.4_1.png>]

[35 <./mockups/RF4.4_2.png>])
\openout2 = `body/RF6.1_CrearAtributo/page.aux'.

 (body/RF6.1_CrearAtributo/page.tex

[36



]
<mockups/RF6.1Crear_Atributo.png, id=476, 1014.79124pt x 823.075pt>
File: mockups/RF6.1Crear_Atributo.png Graphic file (type png)
<use mockups/RF6.1Crear_Atributo.png>
Package pdftex.def Info: mockups/RF6.1Crear_Atributo.png  used on input line 107.
(pdftex.def)             Requested size: 455.24411pt x 369.23744pt.


[37]
File: mockups/RF2.1_boceto2.png Graphic file (type png)
<use mockups/RF2.1_boceto2.png>
Package pdftex.def Info: mockups/RF2.1_boceto2.png  used on input line 113.
(pdftex.def)             Requested size: 455.24411pt x 328.71977pt.


[38 <./mockups/RF6.1Crear_Atributo.png>]

[39])
\openout2 = `body/RF6.2_LeerAtributo/page.aux'.

 (body/RF6.2_LeerAtributo/page.tex

[40



]
<mockups/RF6.2Leer_Atributo.png, id=495, 1014.79124pt x 823.075pt>
File: mockups/RF6.2Leer_Atributo.png Graphic file (type png)
<use mockups/RF6.2Leer_Atributo.png>
Package pdftex.def Info: mockups/RF6.2Leer_Atributo.png  used on input line 65.
(pdftex.def)             Requested size: 455.24411pt x 369.23744pt.
File: mockups/RF6.2Leer_Atributo.png Graphic file (type png)
<use mockups/RF6.2Leer_Atributo.png>
Package pdftex.def Info: mockups/RF6.2Leer_Atributo.png  used on input line 71.
(pdftex.def)             Requested size: 455.24411pt x 369.23744pt.


[41 <./mockups/RF6.2Leer_Atributo.png>]

[42])
\openout2 = `body/RF6.3_ModificarAtributo/page.aux'.

 (body/RF6.3_ModificarAtributo/page.tex

[43



]
<mockups/RF6.3Modificar_Atributo.png, id=517, 1014.79124pt x 823.075pt>
File: mockups/RF6.3Modificar_Atributo.png Graphic file (type png)
<use mockups/RF6.3Modificar_Atributo.png>
Package pdftex.def Info: mockups/RF6.3Modificar_Atributo.png  used on input line 92.
(pdftex.def)             Requested size: 455.24411pt x 369.23744pt.


[44]

[45 <./mockups/RF6.3Modificar_Atributo.png>])
\openout2 = `body/RF6.4_BorrarAtributo/page.aux'.

 (body/RF6.4_BorrarAtributo/page.tex
File: mockups/RF6.2Leer_Atributo.png Graphic file (type png)
<use mockups/RF6.2Leer_Atributo.png>
Package pdftex.def Info: mockups/RF6.2Leer_Atributo.png  used on input line 54.
(pdftex.def)             Requested size: 455.24411pt x 369.23744pt.


[46



]
File: mockups/RF6.2Leer_Atributo.png Graphic file (type png)
<use mockups/RF6.2Leer_Atributo.png>
Package pdftex.def Info: mockups/RF6.2Leer_Atributo.png  used on input line 60.
(pdftex.def)             Requested size: 455.24411pt x 369.23744pt.


[47]

[48]) (main.aux
LaTeX Info: Redefining \. on input line 12.
LaTeX Info: Redefining \% on input line 12.
 (body/RF2_GestionGeneralDeProductos/page.aux) (body/RF2.1_CrearProducto/page.aux) (body/RF2.X_EditarProducto/page.aux) (body/RF2.X_BorrarProducto/page.aux) (body/RF2.X_MostrarProducto/page.aux) (body/RF4_GestionDeCategorias/page.aux) (body/RF6.1_CrearAtributo/page.aux) (body/RF6.2_LeerAtributo/page.aux) (body/RF6.3_ModificarAtributo/page.aux) (body/RF6.4_BorrarAtributo/page.aux))
 ***********
LaTeX2e <2024-11-01>
L3 programming layer <2024-10-09>
 ***********
 ) 
Here is how much of TeX's memory you used:
 14957 strings out of 473701
 251598 string characters out of 5719416
 762781 words of memory out of 5000000
 37605 multiletter control sequences out of 15000+600000
 567041 words of font info for 65 fonts, out of 8000000 for 9000
 1141 hyphenation exceptions out of 8191
 79i,7n,93p,683b,833s stack positions out of 10000i,1000n,20000p,200000b,200000s
<C:/Users/byani/AppData/Local/Programs/MiKTeX/fonts/type1/public/amsfonts/cm/cmbx12.pfb><C:/Users/byani/AppData/Local/Programs/MiKTeX/fonts/type1/public/amsfonts/cm/cmbxti10.pfb><C:/Users/byani/AppData/Local/Programs/MiKTeX/fonts/type1/public/amsfonts/cm/cmcsc10.pfb><C:/Users/byani/AppData/Local/Programs/MiKTeX/fonts/type1/public/amsfonts/cm/cmmi12.pfb><C:/Users/byani/AppData/Local/Programs/MiKTeX/fonts/type1/public/amsfonts/cm/cmr12.pfb><C:/Users/byani/AppData/Local/Programs/MiKTeX/fonts/type1/public/amsfonts/cm/cmr17.pfb><C:/Users/byani/AppData/Local/Programs/MiKTeX/fonts/type1/public/amsfonts/cm/cmr6.pfb><C:/Users/byani/AppData/Local/Programs/MiKTeX/fonts/type1/public/amsfonts/cm/cmr8.pfb><C:/Users/byani/AppData/Local/Programs/MiKTeX/fonts/type1/public/amsfonts/cm/cmsy10.pfb><C:/Users/byani/AppData/Local/Programs/MiKTeX/fonts/type1/public/amsfonts/cm/cmti12.pfb>
Output written on main.pdf (49 pages, 1814618 bytes).
PDF statistics:
 814 PDF objects out of 1000 (max. 8388607)
 160 named destinations out of 1000 (max. 500000)
 613 words of extra memory for PDF output out of 10000 (max. 10000000)

