This is pdfTeX, Version 3.141592653-2.6-1.40.26 (MiKTeX 24.4) (preloaded format=pdflatex 2024.11.8)  9 DEC 2024 11:41
entering extended mode
 restricted \write18 enabled.
 file:line:error style messages enabled.
 %&-line parsing enabled.
**"c:/Users/diego/OneDrive/Documents/GitHub/Requisitos-UMA/Use Cases/2da iteracion/Latex/main.tex"
(c:/Users/diego/OneDrive/Documents/GitHub/Requisitos-UMA/Use Cases/2da iteracion/Latex/main.tex
LaTeX2e <2024-11-01>
L3 programming layer <2024-10-09>
(D:\Programas\LaTeXDistribution\tex/latex/base\article.cls
Document Class: article 2024/06/29 v1.4n Standard LaTeX document class
(D:\Programas\LaTeXDistribution\tex/latex/base\size12.clo
File: size12.clo 2024/06/29 v1.4n Standard LaTeX file (size option)
)
\c@part=\count196
\c@section=\count197
\c@subsection=\count198
\c@subsubsection=\count199
\c@paragraph=\count266
\c@subparagraph=\count267
\c@figure=\count268
\c@table=\count269
\abovecaptionskip=\skip49
\belowcaptionskip=\skip50
\bibindent=\dimen141
) (D:\Programas\LaTeXDistribution\tex/latex/base\inputenc.sty
Package: inputenc 2024/02/08 v1.3d Input encoding file
\inpenc@prehook=\toks17
\inpenc@posthook=\toks18
) (D:\Programas\LaTeXDistribution\tex/generic/babel\babel.sty
Package: babel 2024/10/20 v24.12 The multilingual framework for pdfLaTeX, LuaLaTeX and XeLaTeX
\babel@savecnt=\count270
\U@D=\dimen142
\l@unhyphenated=\language79
 (D:\Programas\LaTeXDistribution\tex/generic/babel\txtbabel.def)
\bbl@readstream=\read2
\bbl@dirlevel=\count271

*************************************
* Local config file bblopts.cfg used
*
(D:\Programas\LaTeXDistribution\tex/latex/arabi\bblopts.cfg
File: bblopts.cfg 2005/09/08 v0.1 add Arabic and Farsi to "declared" options of babel
) (D:\Programas\LaTeXDistribution\tex/latex/babel-spanish\spanish.ldf
Language: spanish.ldf 2021/05/27 v5.0q Spanish support from the babel system
\es@quottoks=\toks19
\es@quotdepth=\count272
Package babel Info: Making " an active character on input line 570.
Package babel Info: Making . an active character on input line 675.
Package babel Info: Making < an active character on input line 722.
Package babel Info: Making > an active character on input line 722.
)) (D:\Programas\LaTeXDistribution\tex/generic/babel/locale/es\babel-spanish.tex
Package babel Info: Importing font and identification data for spanish
(babel)             from babel-es.ini. Reported on input line 11.
) (D:\Programas\LaTeXDistribution\tex/latex/graphics\graphicx.sty
Package: graphicx 2021/09/16 v1.2d Enhanced LaTeX Graphics (DPC,SPQR)
 (D:\Programas\LaTeXDistribution\tex/latex/graphics\keyval.sty
Package: keyval 2022/05/29 v1.15 key=value parser (DPC)
\KV@toks@=\toks20
) (D:\Programas\LaTeXDistribution\tex/latex/graphics\graphics.sty
Package: graphics 2024/08/06 v1.4g Standard LaTeX Graphics (DPC,SPQR)
 (D:\Programas\LaTeXDistribution\tex/latex/graphics\trig.sty
Package: trig 2023/12/02 v1.11 sin cos tan (DPC)
) (D:\Programas\LaTeXDistribution\tex/latex/graphics-cfg\graphics.cfg
File: graphics.cfg 2016/06/04 v1.11 sample graphics configuration
)
Package graphics Info: Driver file: pdftex.def on input line 106.
 (D:\Programas\LaTeXDistribution\tex/latex/graphics-def\pdftex.def
File: pdftex.def 2024/04/13 v1.2c Graphics/color driver for pdftex
))
\Gin@req@height=\dimen143
\Gin@req@width=\dimen144
) (D:\Programas\LaTeXDistribution\tex/latex/float\float.sty
Package: float 2001/11/08 v1.3d Float enhancements (AL)
\c@float@type=\count273
\float@exts=\toks21
\float@box=\box52
\@float@everytoks=\toks22
\@floatcapt=\box53
) (D:\Programas\LaTeXDistribution\tex/latex/listings\listings.sty
\lst@mode=\count274
\lst@gtempboxa=\box54
\lst@token=\toks23
\lst@length=\count275
\lst@currlwidth=\dimen145
\lst@column=\count276
\lst@pos=\count277
\lst@lostspace=\dimen146
\lst@width=\dimen147
\lst@newlines=\count278
\lst@lineno=\count279
\lst@maxwidth=\dimen148
 (D:\Programas\LaTeXDistribution\tex/latex/listings\lstpatch.sty
File: lstpatch.sty 2024/09/23 1.10c (Carsten Heinz)
) (D:\Programas\LaTeXDistribution\tex/latex/listings\lstmisc.sty
File: lstmisc.sty 2024/09/23 1.10c (Carsten Heinz)
\c@lstnumber=\count280
\lst@skipnumbers=\count281
\lst@framebox=\box55
) (D:\Programas\LaTeXDistribution\tex/latex/listings\listings.cfg
File: listings.cfg 2024/09/23 1.10c listings configuration
))
Package: listings 2024/09/23 1.10c (Carsten Heinz)
 (D:\Programas\LaTeXDistribution\tex/latex/csquotes\csquotes.sty
Package: csquotes 2024-04-04 v5.2o context-sensitive quotations (JAW)
 (D:\Programas\LaTeXDistribution\tex/latex/etoolbox\etoolbox.sty
Package: etoolbox 2020/10/05 v2.5k e-TeX tools for LaTeX (JAW)
\etb@tempcnta=\count282
)
\csq@reset=\count283
\csq@gtype=\count284
\csq@glevel=\count285
\csq@qlevel=\count286
\csq@maxlvl=\count287
\csq@tshold=\count288
\csq@ltx@everypar=\toks24
 (D:\Programas\LaTeXDistribution\tex/latex/csquotes\csquotes.def
File: csquotes.def 2024-04-04 v5.2o csquotes generic definitions (JAW)
)
Package csquotes Info: Trying to load configuration file 'csquotes.cfg'...
Package csquotes Info: ... configuration file loaded successfully.
 (D:\Programas\LaTeXDistribution\tex/latex/csquotes\csquotes.cfg
File: csquotes.cfg 
)
Package csquotes Info: Disabling multilingual quotes.
Package csquotes Info: Disabling multilingual quotes.
Package csquotes Info: Redefining alias 'default' -> 'english'.
) (D:\Programas\LaTeXDistribution\tex/latex/titlesec\titlesec.sty
Package: titlesec 2023/10/27 v2.16 Sectioning titles
\ttl@box=\box56
\beforetitleunit=\skip51
\aftertitleunit=\skip52
\ttl@plus=\dimen149
\ttl@minus=\dimen150
\ttl@toksa=\toks25
\titlewidth=\dimen151
\titlewidthlast=\dimen152
\titlewidthfirst=\dimen153
) (D:\Programas\LaTeXDistribution\tex/latex/xcolor\xcolor.sty
Package: xcolor 2024/09/29 v3.02 LaTeX color extensions (UK)
 (D:\Programas\LaTeXDistribution\tex/latex/graphics-cfg\color.cfg
File: color.cfg 2016/01/02 v1.6 sample color configuration
)
Package xcolor Info: Driver file: pdftex.def on input line 274.
 (D:\Programas\LaTeXDistribution\tex/latex/graphics\mathcolor.ltx)
Package xcolor Info: Model `cmy' substituted by `cmy0' on input line 1349.
Package xcolor Info: Model `hsb' substituted by `rgb' on input line 1353.
Package xcolor Info: Model `RGB' extended on input line 1365.
Package xcolor Info: Model `HTML' substituted by `rgb' on input line 1367.
Package xcolor Info: Model `Hsb' substituted by `hsb' on input line 1368.
Package xcolor Info: Model `tHsb' substituted by `hsb' on input line 1369.
Package xcolor Info: Model `HSB' substituted by `hsb' on input line 1370.
Package xcolor Info: Model `Gray' substituted by `gray' on input line 1371.
Package xcolor Info: Model `wave' substituted by `hsb' on input line 1372.
) (D:\Programas\LaTeXDistribution\tex/latex/geometry\geometry.sty
Package: geometry 2020/01/02 v5.9 Page Geometry
 (D:\Programas\LaTeXDistribution\tex/generic/iftex\ifvtex.sty
Package: ifvtex 2019/10/25 v1.7 ifvtex legacy package. Use iftex instead.
 (D:\Programas\LaTeXDistribution\tex/generic/iftex\iftex.sty
Package: iftex 2022/02/03 v1.0f TeX engine tests
))
\Gm@cnth=\count289
\Gm@cntv=\count290
\c@Gm@tempcnt=\count291
\Gm@bindingoffset=\dimen154
\Gm@wd@mp=\dimen155
\Gm@odd@mp=\dimen156
\Gm@even@mp=\dimen157
\Gm@layoutwidth=\dimen158
\Gm@layoutheight=\dimen159
\Gm@layouthoffset=\dimen160
\Gm@layoutvoffset=\dimen161
\Gm@dimlist=\toks26
 (D:\Programas\LaTeXDistribution\tex/latex/geometry\geometry.cfg)) (D:\Programas\LaTeXDistribution\tex/latex/lipsum\lipsum.sty (D:\Programas\LaTeXDistribution\tex/latex/l3packages/l3keys2e\l3keys2e.sty (D:\Programas\LaTeXDistribution\tex/latex/l3kernel\expl3.sty
Package: expl3 2024-10-09 L3 programming layer (loader) 
 (D:\Programas\LaTeXDistribution\tex/latex/l3backend\l3backend-pdftex.def
File: l3backend-pdftex.def 2024-05-08 L3 backend support: PDF output (pdfTeX)
\l__color_backend_stack_int=\count292
\l__pdf_internal_box=\box57
))
Package: l3keys2e 2024-08-16 LaTeX2e option processing using LaTeX3 keys
)
Package: lipsum 2021-09-20 v2.7 150 paragraphs of Lorem Ipsum dummy text
\g__lipsum_par_int=\count293
\l__lipsum_a_int=\count294
\l__lipsum_b_int=\count295
 (D:\Programas\LaTeXDistribution\tex/latex/lipsum\lipsum.ltd.tex)) (D:\Programas\LaTeXDistribution\tex/latex/tocloft\tocloft.sty
Package: tocloft 2017/08/31 v2.3i parameterised ToC, etc., typesetting
Package tocloft Info: The document has section divisions on input line 51.
\cftparskip=\skip53
\cftbeforetoctitleskip=\skip54
\cftaftertoctitleskip=\skip55
\cftbeforepartskip=\skip56
\cftpartnumwidth=\skip57
\cftpartindent=\skip58
\cftbeforesecskip=\skip59
\cftsecindent=\skip60
\cftsecnumwidth=\skip61
\cftbeforesubsecskip=\skip62
\cftsubsecindent=\skip63
\cftsubsecnumwidth=\skip64
\cftbeforesubsubsecskip=\skip65
\cftsubsubsecindent=\skip66
\cftsubsubsecnumwidth=\skip67
\cftbeforeparaskip=\skip68
\cftparaindent=\skip69
\cftparanumwidth=\skip70
\cftbeforesubparaskip=\skip71
\cftsubparaindent=\skip72
\cftsubparanumwidth=\skip73
\cftbeforeloftitleskip=\skip74
\cftafterloftitleskip=\skip75
\cftbeforefigskip=\skip76
\cftfigindent=\skip77
\cftfignumwidth=\skip78
\c@lofdepth=\count296
\c@lotdepth=\count297
\cftbeforelottitleskip=\skip79
\cftafterlottitleskip=\skip80
\cftbeforetabskip=\skip81
\cfttabindent=\skip82
\cfttabnumwidth=\skip83
) (D:\Programas\LaTeXDistribution\tex/latex/subfiles\subfiles.sty
Package: subfiles 2020/11/14 v2.2 Multi-file projects (package)
 (D:\Programas\LaTeXDistribution\tex/latex/import\import.sty
Package: import 2020/04/01  v 6.2
)) (D:\Programas\LaTeXDistribution\tex/latex/hyperref\hyperref.sty
Package: hyperref 2024-10-30 v7.01k Hypertext links for LaTeX
 (D:\Programas\LaTeXDistribution\tex/latex/kvsetkeys\kvsetkeys.sty
Package: kvsetkeys 2022-10-05 v1.19 Key value parser (HO)
) (D:\Programas\LaTeXDistribution\tex/generic/kvdefinekeys\kvdefinekeys.sty
Package: kvdefinekeys 2019-12-19 v1.6 Define keys (HO)
) (D:\Programas\LaTeXDistribution\tex/generic/pdfescape\pdfescape.sty
Package: pdfescape 2019/12/09 v1.15 Implements pdfTeX's escape features (HO)
 (D:\Programas\LaTeXDistribution\tex/generic/ltxcmds\ltxcmds.sty
Package: ltxcmds 2023-12-04 v1.26 LaTeX kernel commands for general use (HO)
) (D:\Programas\LaTeXDistribution\tex/generic/pdftexcmds\pdftexcmds.sty
Package: pdftexcmds 2020-06-27 v0.33 Utility functions of pdfTeX for LuaTeX (HO)
 (D:\Programas\LaTeXDistribution\tex/generic/infwarerr\infwarerr.sty
Package: infwarerr 2019/12/03 v1.5 Providing info/warning/error messages (HO)
)
Package pdftexcmds Info: \pdf@primitive is available.
Package pdftexcmds Info: \pdf@ifprimitive is available.
Package pdftexcmds Info: \pdfdraftmode found.
)) (D:\Programas\LaTeXDistribution\tex/latex/hycolor\hycolor.sty
Package: hycolor 2020-01-27 v1.10 Color options for hyperref/bookmark (HO)
) (D:\Programas\LaTeXDistribution\tex/latex/hyperref\nameref.sty
Package: nameref 2023-11-26 v2.56 Cross-referencing by name of section
 (D:\Programas\LaTeXDistribution\tex/latex/refcount\refcount.sty
Package: refcount 2019/12/15 v3.6 Data extraction from label references (HO)
) (D:\Programas\LaTeXDistribution\tex/generic/gettitlestring\gettitlestring.sty
Package: gettitlestring 2019/12/15 v1.6 Cleanup title references (HO)
 (D:\Programas\LaTeXDistribution\tex/latex/kvoptions\kvoptions.sty
Package: kvoptions 2022-06-15 v3.15 Key value format for package options (HO)
))
\c@section@level=\count298
) (D:\Programas\LaTeXDistribution\tex/generic/stringenc\stringenc.sty
Package: stringenc 2019/11/29 v1.12 Convert strings between diff. encodings (HO)
)
\@linkdim=\dimen162
\Hy@linkcounter=\count299
\Hy@pagecounter=\count300
 (D:\Programas\LaTeXDistribution\tex/latex/hyperref\pd1enc.def
File: pd1enc.def 2024-10-30 v7.01k Hyperref: PDFDocEncoding definition (HO)
Now handling font encoding PD1 ...
... no UTF-8 mapping file for font encoding PD1
) (D:\Programas\LaTeXDistribution\tex/generic/intcalc\intcalc.sty
Package: intcalc 2019/12/15 v1.3 Expandable calculations with integers (HO)
)
\Hy@SavedSpaceFactor=\count301
 (D:\Programas\LaTeXDistribution\tex/latex/hyperref\puenc.def
File: puenc.def 2024-10-30 v7.01k Hyperref: PDF Unicode definition (HO)
Now handling font encoding PU ...
... no UTF-8 mapping file for font encoding PU
)
Package hyperref Info: Option `colorlinks' set `true' on input line 4040.
Package hyperref Info: Hyper figures OFF on input line 4157.
Package hyperref Info: Link nesting OFF on input line 4162.
Package hyperref Info: Hyper index ON on input line 4165.
Package hyperref Info: Plain pages OFF on input line 4172.
Package hyperref Info: Backreferencing OFF on input line 4177.
Package hyperref Info: Implicit mode ON; LaTeX internals redefined.
Package hyperref Info: Bookmarks ON on input line 4424.
\c@Hy@tempcnt=\count302
 (D:\Programas\LaTeXDistribution\tex/latex/url\url.sty
\Urlmuskip=\muskip17
Package: url 2013/09/16  ver 3.4  Verb mode for urls, etc.
)
LaTeX Info: Redefining \url on input line 4763.
\XeTeXLinkMargin=\dimen163
 (D:\Programas\LaTeXDistribution\tex/generic/bitset\bitset.sty
Package: bitset 2019/12/09 v1.3 Handle bit-vector datatype (HO)
 (D:\Programas\LaTeXDistribution\tex/generic/bigintcalc\bigintcalc.sty
Package: bigintcalc 2019/12/15 v1.5 Expandable calculations on big integers (HO)
))
\Fld@menulength=\count303
\Field@Width=\dimen164
\Fld@charsize=\dimen165
Package hyperref Info: Hyper figures OFF on input line 6042.
Package hyperref Info: Link nesting OFF on input line 6047.
Package hyperref Info: Hyper index ON on input line 6050.
Package hyperref Info: backreferencing OFF on input line 6057.
Package hyperref Info: Link coloring ON on input line 6060.
Package hyperref Info: Link coloring with OCG OFF on input line 6067.
Package hyperref Info: PDF/A mode OFF on input line 6072.
 (D:\Programas\LaTeXDistribution\tex/latex/base\atbegshi-ltx.sty
Package: atbegshi-ltx 2021/01/10 v1.0c Emulation of the original atbegshi
package with kernel methods
)
\Hy@abspage=\count304
\c@Item=\count305
\c@Hfootnote=\count306
)
Package hyperref Info: Driver (autodetected): hpdftex.
 (D:\Programas\LaTeXDistribution\tex/latex/hyperref\hpdftex.def
File: hpdftex.def 2024-10-30 v7.01k Hyperref driver for pdfTeX
 (D:\Programas\LaTeXDistribution\tex/latex/base\atveryend-ltx.sty
Package: atveryend-ltx 2020/08/19 v1.0a Emulation of the original atveryend package
with kernel methods
)
\Fld@listcount=\count307
\c@bookmark@seq@number=\count308
 (D:\Programas\LaTeXDistribution\tex/latex/rerunfilecheck\rerunfilecheck.sty
Package: rerunfilecheck 2022-07-10 v1.10 Rerun checks for auxiliary files (HO)
 (D:\Programas\LaTeXDistribution\tex/generic/uniquecounter\uniquecounter.sty
Package: uniquecounter 2019/12/15 v1.4 Provide unlimited unique counter (HO)
)
Package uniquecounter Info: New unique counter `rerunfilecheck' on input line 285.
)
\Hy@SectionHShift=\skip84
) (D:\Programas\LaTeXDistribution\tex/latex/bookmark\bookmark.sty
Package: bookmark 2023-12-10 v1.31 PDF bookmarks (HO)
 (D:\Programas\LaTeXDistribution\tex/latex/bookmark\bkm-pdftex.def
File: bkm-pdftex.def 2023-12-10 v1.31 bookmark driver for pdfTeX and luaTeX (HO)
\BKM@id=\count309
)) (D:\Programas\LaTeXDistribution\tex/latex/tools\xr.sty
Package: xr 2024-04-10 v6.00 eXternal References (DPC)
) (D:\Programas\LaTeXDistribution\tex/latex/natbib\natbib.sty
Package: natbib 2010/09/13 8.31b (PWD, AO)
\bibhang=\skip85
\bibsep=\skip86
LaTeX Info: Redefining \cite on input line 694.
\c@NAT@ctr=\count310
) (main.aux
LaTeX Info: Redefining \. on input line 12.
LaTeX Info: Redefining \% on input line 12.
 (body/RF1.9_CrearInformeCuentaJSON/page.aux) (body/RF1.9.1_ExportarInformeCuenta/page.aux) (body/RF5.1_CrearRelacion/page.aux) (body/RF5.2_VerRelacion/page.aux) (body/RF5.3_EditarRelacion/page.aux) (body/RF5.4_BorrarRelacion/page.aux) (body/RF8.X_GestionExportacion/page.aux))
\openout1 = `main.aux'.

LaTeX Font Info:    Checking defaults for OML/cmm/m/it on input line 90.
LaTeX Font Info:    ... okay on input line 90.
LaTeX Font Info:    Checking defaults for OMS/cmsy/m/n on input line 90.
LaTeX Font Info:    ... okay on input line 90.
LaTeX Font Info:    Checking defaults for OT1/cmr/m/n on input line 90.
LaTeX Font Info:    ... okay on input line 90.
LaTeX Font Info:    Checking defaults for T1/cmr/m/n on input line 90.
LaTeX Font Info:    ... okay on input line 90.
LaTeX Font Info:    Checking defaults for TS1/cmr/m/n on input line 90.
LaTeX Font Info:    ... okay on input line 90.
LaTeX Font Info:    Checking defaults for OMX/cmex/m/n on input line 90.
LaTeX Font Info:    ... okay on input line 90.
LaTeX Font Info:    Checking defaults for U/cmr/m/n on input line 90.
LaTeX Font Info:    ... okay on input line 90.
LaTeX Font Info:    Checking defaults for PD1/pdf/m/n on input line 90.
LaTeX Font Info:    ... okay on input line 90.
LaTeX Font Info:    Checking defaults for PU/pdf/m/n on input line 90.
LaTeX Font Info:    ... okay on input line 90.
LaTeX Info: Redefining \. on input line 90.
LaTeX Info: Redefining \% on input line 90.
 (D:\Programas\LaTeXDistribution\tex/context/base/mkii\supp-pdf.mkii
[Loading MPS to PDF converter (version 2006.09.02).]
\scratchcounter=\count311
\scratchdimen=\dimen166
\scratchbox=\box58
\nofMPsegments=\count312
\nofMParguments=\count313
\everyMPshowfont=\toks27
\MPscratchCnt=\count314
\MPscratchDim=\dimen167
\MPnumerator=\count315
\makeMPintoPDFobject=\count316
\everyMPtoPDFconversion=\toks28
) (D:\Programas\LaTeXDistribution\tex/latex/epstopdf-pkg\epstopdf-base.sty
Package: epstopdf-base 2020-01-24 v2.11 Base part for package epstopdf
Package epstopdf-base Info: Redefining graphics rule for `.eps' on input line 485.
 (D:\Programas\LaTeXDistribution\tex/latex/00miktex\epstopdf-sys.cfg
File: epstopdf-sys.cfg 2021/03/18 v2.0 Configuration of epstopdf for MiKTeX
))
\c@lstlisting=\count317

*geometry* driver: auto-detecting
*geometry* detected driver: pdftex
*geometry* verbose mode - [ preamble ] result:
* driver: pdftex
* paper: a4paper
* layout: <same size as paper>
* layoutoffset:(h,v)=(0.0pt,0.0pt)
* modes: 
* h-part:(L,W,R)=(71.13188pt, 455.24411pt, 71.13188pt)
* v-part:(T,H,B)=(85.35826pt, 674.33032pt, 85.35826pt)
* \paperwidth=597.50787pt
* \paperheight=845.04684pt
* \textwidth=455.24411pt
* \textheight=674.33032pt
* \oddsidemargin=-1.1381pt
* \evensidemargin=-1.1381pt
* \topmargin=-23.91173pt
* \headheight=12.0pt
* \headsep=25.0pt
* \topskip=12.0pt
* \footskip=30.0pt
* \marginparwidth=35.0pt
* \marginparsep=10.0pt
* \columnsep=10.0pt
* \skip\footins=10.8pt plus 4.0pt minus 2.0pt
* \hoffset=0.0pt
* \voffset=0.0pt
* \mag=1000
* \@twocolumnfalse
* \@twosidefalse
* \@mparswitchfalse
* \@reversemarginfalse
* (1in=72.27pt=25.4mm, 1cm=28.453pt)

Package hyperref Info: Link coloring ON on input line 90.
LaTeX Font Info:    External font `cmex10' loaded for size
(Font)              <24.88> on input line 101.
LaTeX Font Info:    External font `cmex10' loaded for size
(Font)              <20.74> on input line 101.
LaTeX Font Info:    External font `cmex10' loaded for size
(Font)              <17.28> on input line 101.
<assets/umaLogo.png, id=3, 1685.29625pt x 1541.76pt>
File: assets/umaLogo.png Graphic file (type png)
<use assets/umaLogo.png>
Package pdftex.def Info: assets/umaLogo.png  used on input line 105.
(pdftex.def)             Requested size: 136.57462pt x 124.94304pt.
LaTeX Font Info:    External font `cmex10' loaded for size
(Font)              <12> on input line 108.


[1

{C:/Users/diego/AppData/Local/MiKTeX/fonts/map/pdftex/pdftex.map} <./assets/umaLogo.png>] (main.toc
LaTeX Info: Redefining \. on input line 1.
LaTeX Info: Redefining \% on input line 1.
LaTeX Font Info:    External font `cmex10' loaded for size
(Font)              <8> on input line 3.
LaTeX Font Info:    External font `cmex10' loaded for size
(Font)              <6> on input line 3.



pdfTeX warning (ext4): destination with the same identifier (name{page.1}) has been already used, duplicate ignored
<to be read again> 
                   \relax 
l.43 ...on}{\numberline {7.4}Bocetos}{41}{Item.57}
                                                  % [1])
\tf@toc=\write3
\openout3 = `main.toc'.



[2] (main.lof
LaTeX Info: Redefining \. on input line 1.
LaTeX Info: Redefining \% on input line 1.
)
\tf@lof=\write4
\openout4 = `main.lof'.



[3]


pdfTeX warning (ext4): destination with the same identifier (name{page.1}) has been already used, duplicate ignored
<to be read again> 
                   \relax 
l.143 \end{abstract}
                     [1]
\openout2 = `body/RF1.9_CrearInformeCuentaJSON/page.aux'.

 (body/RF1.9_CrearInformeCuentaJSON/page.tex
LaTeX Font Info:    External font `cmex10' loaded for size
(Font)              <7> on input line 32.
LaTeX Font Info:    External font `cmex10' loaded for size
(Font)              <5> on input line 32.


[6

]

[7]
<assets/mockups/RF1.9CrearInformeCuenta.png, id=213, 1014.79124pt x 823.075pt>
File: assets/mockups/RF1.9CrearInformeCuenta.png Graphic file (type png)
<use assets/mockups/RF1.9CrearInformeCuenta.png>
Package pdftex.def Info: assets/mockups/RF1.9CrearInformeCuenta.png  used on input line 89.
(pdftex.def)             Requested size: 455.24411pt x 369.23744pt.


[8 <./assets/mockups/RF1.9CrearInformeCuenta.png>]
<assets/sequence/RF1.9_CrearInformeCuenta_v4.png, id=220, 584.1825pt x 319.1925pt>
File: assets/sequence/RF1.9_CrearInformeCuenta_v4.png Graphic file (type png)
<use assets/sequence/RF1.9_CrearInformeCuenta_v4.png>
Package pdftex.def Info: assets/sequence/RF1.9_CrearInformeCuenta_v4.png  used on input line 98.
(pdftex.def)             Requested size: 455.24411pt x 248.74997pt.


[9 <./assets/sequence/RF1.9_CrearInformeCuenta_v4.png>])
\openout2 = `body/RF1.9.1_ExportarInformeCuenta/page.aux'.

 (body/RF1.9.1_ExportarInformeCuenta/page.tex

[10



]

[11]
<assets/mockups/RF1.9.1_1ExportarInformeCuenta.png, id=241, 1014.79124pt x 823.075pt>
File: assets/mockups/RF1.9.1_1ExportarInformeCuenta.png Graphic file (type png)
<use assets/mockups/RF1.9.1_1ExportarInformeCuenta.png>
Package pdftex.def Info: assets/mockups/RF1.9.1_1ExportarInformeCuenta.png  used on input line 101.
(pdftex.def)             Requested size: 455.24411pt x 369.23744pt.
<assets/mockups/RF1.9.1_2ExportarInformeCuenta.png, id=242, 1014.79124pt x 823.075pt>
File: assets/mockups/RF1.9.1_2ExportarInformeCuenta.png Graphic file (type png)
<use assets/mockups/RF1.9.1_2ExportarInformeCuenta.png>
Package pdftex.def Info: assets/mockups/RF1.9.1_2ExportarInformeCuenta.png  used on input line 107.
(pdftex.def)             Requested size: 455.24411pt x 369.23744pt.


[12 <./assets/mockups/RF1.9.1_1ExportarInformeCuenta.png>]

[13 <./assets/mockups/RF1.9.1_2ExportarInformeCuenta.png>]
File: assets/umaLogo.png Graphic file (type png)
<use assets/umaLogo.png>
Package pdftex.def Info: assets/umaLogo.png  used on input line 116.
(pdftex.def)             Requested size: 455.24411pt x 416.46896pt.


[14])
\openout2 = `body/RF5.1_CrearRelacion/page.aux'.

 (body/RF5.1_CrearRelacion/page.tex

[15



]

[16]
<assets/mockups/RF5.1_1.png, id=282, 1014.79124pt x 823.075pt>
File: assets/mockups/RF5.1_1.png Graphic file (type png)
<use assets/mockups/RF5.1_1.png>
Package pdftex.def Info: assets/mockups/RF5.1_1.png  used on input line 135.
(pdftex.def)             Requested size: 455.24411pt x 369.23744pt.


[17]
<assets/mockups/RF5.1_2.png, id=287, 1014.79124pt x 823.075pt>
File: assets/mockups/RF5.1_2.png Graphic file (type png)
<use assets/mockups/RF5.1_2.png>
Package pdftex.def Info: assets/mockups/RF5.1_2.png  used on input line 141.
(pdftex.def)             Requested size: 455.24411pt x 369.23744pt.


[18 <./assets/mockups/RF5.1_1.png>]
<assets/mockups/RF5.1_3.png, id=293, 1014.79124pt x 823.075pt>
File: assets/mockups/RF5.1_3.png Graphic file (type png)
<use assets/mockups/RF5.1_3.png>
Package pdftex.def Info: assets/mockups/RF5.1_3.png  used on input line 147.
(pdftex.def)             Requested size: 455.24411pt x 369.23744pt.


[19 <./assets/mockups/RF5.1_2.png>]

[20 <./assets/mockups/RF5.1_3.png>]
File: assets/umaLogo.png Graphic file (type png)
<use assets/umaLogo.png>
Package pdftex.def Info: assets/umaLogo.png  used on input line 156.
(pdftex.def)             Requested size: 455.24411pt x 416.46896pt.


[21])
\openout2 = `body/RF5.2_VerRelacion/page.aux'.

 (body/RF5.2_VerRelacion/page.tex

[22



]
<assets/mockups/RF5.2_1.png, id=319, 1014.79124pt x 823.075pt>
File: assets/mockups/RF5.2_1.png Graphic file (type png)
<use assets/mockups/RF5.2_1.png>
Package pdftex.def Info: assets/mockups/RF5.2_1.png  used on input line 86.
(pdftex.def)             Requested size: 455.24411pt x 369.23744pt.


[23]
<assets/mockups/RF5.2_2.png, id=324, 1014.79124pt x 823.075pt>
File: assets/mockups/RF5.2_2.png Graphic file (type png)
<use assets/mockups/RF5.2_2.png>
Package pdftex.def Info: assets/mockups/RF5.2_2.png  used on input line 92.
(pdftex.def)             Requested size: 455.24411pt x 369.23744pt.


[24 <./assets/mockups/RF5.2_1.png>]

[25 <./assets/mockups/RF5.2_2.png>]
File: assets/umaLogo.png Graphic file (type png)
<use assets/umaLogo.png>
Package pdftex.def Info: assets/umaLogo.png  used on input line 101.
(pdftex.def)             Requested size: 455.24411pt x 416.46896pt.


[26])
\openout2 = `body/RF5.3_EditarRelacion/page.aux'.

 (body/RF5.3_EditarRelacion/page.tex

[27



]

[28]

[29]
<assets/mockups/RF5.3_1.png, id=363, 1014.79124pt x 823.075pt>
File: assets/mockups/RF5.3_1.png Graphic file (type png)
<use assets/mockups/RF5.3_1.png>
Package pdftex.def Info: assets/mockups/RF5.3_1.png  used on input line 116.
(pdftex.def)             Requested size: 455.24411pt x 369.23744pt.
<assets/mockups/RF5.3_2.png, id=364, 1014.79124pt x 823.075pt>
File: assets/mockups/RF5.3_2.png Graphic file (type png)
<use assets/mockups/RF5.3_2.png>
Package pdftex.def Info: assets/mockups/RF5.3_2.png  used on input line 122.
(pdftex.def)             Requested size: 455.24411pt x 369.23744pt.


[30 <./assets/mockups/RF5.3_1.png>]

[31 <./assets/mockups/RF5.3_2.png>]
File: assets/umaLogo.png Graphic file (type png)
<use assets/umaLogo.png>
Package pdftex.def Info: assets/umaLogo.png  used on input line 131.
(pdftex.def)             Requested size: 455.24411pt x 416.46896pt.


[32])
\openout2 = `body/RF5.4_BorrarRelacion/page.aux'.

 (body/RF5.4_BorrarRelacion/page.tex

[33



]
<assets/mockups/RF5.4_1.png, id=392, 1014.79124pt x 823.075pt>
File: assets/mockups/RF5.4_1.png Graphic file (type png)
<use assets/mockups/RF5.4_1.png>
Package pdftex.def Info: assets/mockups/RF5.4_1.png  used on input line 75.
(pdftex.def)             Requested size: 455.24411pt x 369.23744pt.


[34]
<assets/mockups/RF5.4_2.png, id=397, 1014.79124pt x 823.075pt>
File: assets/mockups/RF5.4_2.png Graphic file (type png)
<use assets/mockups/RF5.4_2.png>
Package pdftex.def Info: assets/mockups/RF5.4_2.png  used on input line 81.
(pdftex.def)             Requested size: 455.24411pt x 369.23744pt.


[35 <./assets/mockups/RF5.4_1.png>]

[36 <./assets/mockups/RF5.4_2.png>]
File: assets/umaLogo.png Graphic file (type png)
<use assets/umaLogo.png>
Package pdftex.def Info: assets/umaLogo.png  used on input line 90.
(pdftex.def)             Requested size: 455.24411pt x 416.46896pt.


[37])
\openout2 = `body/RF8.X_GestionExportacion/page.aux'.

 (body/RF8.X_GestionExportacion/page.tex

[38



]

[39]
<assets/mockups/RF8 filtrado y selección de productos.png, id=437, 1014.79124pt x 823.075pt>
File: assets/mockups/RF8 filtrado y selección de productos.png Graphic file (type png)
<use assets/mockups/RF8 filtrado y selección de productos.png>
Package pdftex.def Info: assets/mockups/RF8 filtrado y selección de productos.png  used on input line 130.
(pdftex.def)             Requested size: 455.24411pt x 369.23744pt.


[40]
<assets/mockups/RF8 Seleccion de atributos obligatorios.png, id=442, 1014.79124pt x 823.075pt>
File: assets/mockups/RF8 Seleccion de atributos obligatorios.png Graphic file (type png)
<use assets/mockups/RF8 Seleccion de atributos obligatorios.png>
Package pdftex.def Info: assets/mockups/RF8 Seleccion de atributos obligatorios.png  used on input line 136.
(pdftex.def)             Requested size: 455.24411pt x 369.23744pt.


[41 <./assets/mockups/RF8 filtrado y selección de productos.png>]
<assets/mockups/RF8 Seleccion atributos opcionales.png, id=448, 1014.79124pt x 823.075pt>
File: assets/mockups/RF8 Seleccion atributos opcionales.png Graphic file (type png)
<use assets/mockups/RF8 Seleccion atributos opcionales.png>
Package pdftex.def Info: assets/mockups/RF8 Seleccion atributos opcionales.png  used on input line 141.
(pdftex.def)             Requested size: 455.24411pt x 369.23744pt.


[42 <./assets/mockups/RF8 Seleccion de atributos obligatorios.png>]
File: assets/umaLogo.png Graphic file (type png)
<use assets/umaLogo.png>
Package pdftex.def Info: assets/umaLogo.png  used on input line 147.
(pdftex.def)             Requested size: 455.24411pt x 416.46896pt.
)

[43 <./assets/mockups/RF8 Seleccion atributos opcionales.png>]

[44] (main.aux
LaTeX Info: Redefining \. on input line 12.
LaTeX Info: Redefining \% on input line 12.
 (body/RF1.9_CrearInformeCuentaJSON/page.aux) (body/RF1.9.1_ExportarInformeCuenta/page.aux) (body/RF5.1_CrearRelacion/page.aux) (body/RF5.2_VerRelacion/page.aux) (body/RF5.3_EditarRelacion/page.aux) (body/RF5.4_BorrarRelacion/page.aux) (body/RF8.X_GestionExportacion/page.aux))
 ***********
LaTeX2e <2024-11-01>
L3 programming layer <2024-10-09>
 ***********
 ) 
Here is how much of TeX's memory you used:
 15140 strings out of 473701
 249740 string characters out of 5726039
 768875 words of memory out of 5000000
 37831 multiletter control sequences out of 15000+600000
 566838 words of font info for 65 fonts, out of 8000000 for 9000
 1141 hyphenation exceptions out of 8191
 79i,8n,93p,584b,839s stack positions out of 10000i,1000n,20000p,200000b,200000s
<D:/Programas/LaTeXDistribution/fonts/type1/public/amsfonts/cm/cmbx12.pfb><D:/Programas/LaTeXDistribution/fonts/type1/public/amsfonts/cm/cmcsc10.pfb><D:/Programas/LaTeXDistribution/fonts/type1/public/amsfonts/cm/cmmi12.pfb><D:/Programas/LaTeXDistribution/fonts/type1/public/amsfonts/cm/cmr10.pfb><D:/Programas/LaTeXDistribution/fonts/type1/public/amsfonts/cm/cmr12.pfb><D:/Programas/LaTeXDistribution/fonts/type1/public/amsfonts/cm/cmr17.pfb><D:/Programas/LaTeXDistribution/fonts/type1/public/amsfonts/cm/cmr7.pfb><D:/Programas/LaTeXDistribution/fonts/type1/public/amsfonts/cm/cmr8.pfb><D:/Programas/LaTeXDistribution/fonts/type1/public/amsfonts/cm/cmsy10.pfb><D:/Programas/LaTeXDistribution/fonts/type1/public/amsfonts/cm/cmti10.pfb><D:/Programas/LaTeXDistribution/fonts/type1/public/amsfonts/cm/cmti12.pfb><D:/Programas/LaTeXDistribution/fonts/type1/public/amsfonts/cm/cmtt12.pfb>
Output written on main.pdf (44 pages, 1606681 bytes).
PDF statistics:
 672 PDF objects out of 1000 (max. 8388607)
 136 named destinations out of 1000 (max. 500000)
 422 words of extra memory for PDF output out of 10000 (max. 10000000)

